<?xml version="1.0" encoding="UTF-8"?>
<!-- Generated by org.testng.reporters.JUnitReportReporter -->
<testsuite hostname="ShamatoMacBook-Air.local" name="org.shazhou.selenium.AddVideoTestChrome" tests="1" failures="0" timestamp="1 Dec 2013 03:06:05 GMT" time="14.122" errors="0">
  <testcase name="addVideo" time="14.122" classname="org.shazhou.selenium.AddVideoTestChrome"/>
</testsuite> <!-- org.shazhou.selenium.AddVideoTestChrome -->
