<?xml version="1.0" encoding="UTF-8"?>
<!-- Generated by org.testng.reporters.JUnitReportReporter -->
<testsuite hostname="ShamatoMacBook-Air.local" name="org.shazhou.selenium.LoginTestFirefox" tests="1" failures="0" timestamp="1 Dec 2013 02:14:03 GMT" time="22.806" errors="0">
  <testcase name="login" time="22.806" classname="org.shazhou.selenium.LoginTestFirefox"/>
</testsuite> <!-- org.shazhou.selenium.LoginTestFirefox -->
