<?xml version="1.0" encoding="UTF-8"?>
<!-- Generated by org.testng.reporters.JUnitReportReporter -->
<testsuite hostname="ShamatoMacBook-Air.local" name="org.shazhou.selenium.AddVideoTestFirefox" tests="1" failures="0" timestamp="1 Dec 2013 02:14:03 GMT" time="23.828" errors="0">
  <testcase name="addVideo" time="23.828" classname="org.shazhou.selenium.AddVideoTestFirefox"/>
</testsuite> <!-- org.shazhou.selenium.AddVideoTestFirefox -->
