<?xml version="1.0" encoding="UTF-8"?>
<!-- Generated by org.testng.reporters.JUnitReportReporter -->
<testsuite hostname="ShamatoMacBook-Air.local" name="org.shazhou.selenium.LoginTestChrome" tests="1" failures="0" timestamp="1 Dec 2013 03:06:05 GMT" time="15.831" errors="0">
  <testcase name="login" time="15.831" classname="org.shazhou.selenium.LoginTestChrome"/>
</testsuite> <!-- org.shazhou.selenium.LoginTestChrome -->
